2026-02-12 12:26:01 [INFO] ws_ingest_daemon: Starting WebSocket ingest daemon for ['BTC-USD', 'ETH-USD', 'SOL-USD', 'XRP-USD']
2026-02-12 12:26:01 [INFO] ws_ingest_daemon: Base path: /home/ocean-man/projects/coinbase-dw/data/coinbase-main
2026-02-12 12:26:01 [INFO] ws_ingest_daemon: Subscribing to BTC-USD...
2026-02-12 12:26:01 [INFO] ws_ingest_daemon: Subscribing to ETH-USD...
2026-02-12 12:26:01 [INFO] ws_ingest_daemon: Subscribing to SOL-USD...
2026-02-12 12:26:01 [INFO] ws_ingest_daemon: Subscribing to XRP-USD...
2026-02-12 12:26:01 [INFO] ws_ingest_daemon: WebSocket engine started successfully
2026-02-12 12:26:01 [INFO] ws_ingest_daemon: Control socket listening at /home/ocean-man/projects/coinbase-dw/feeds/pids/ingest.sock
2026-02-12 12:26:02 [INFO] dw.ws: WS connected wss://advanced-trade-ws.coinbase.com
2026-02-12 19:37:31 [WARNING] dw.ws: WS closed: WS recv error: [Errno 32] Broken pipe
2026-02-12 19:37:31 [INFO] dw.ws: Reconnecting in 0.50s
2026-02-12 19:37:32 [INFO] dw.ws: WS connected wss://advanced-trade-ws.coinbase.com
2026-02-12 21:48:32 [WARNING] dw.ws: WS closed: WS recv error: [Errno 32] Broken pipe
2026-02-12 21:48:32 [INFO] dw.ws: Reconnecting in 1.00s
2026-02-12 21:48:33 [INFO] dw.ws: WS connected wss://advanced-trade-ws.coinbase.com
2026-02-13 00:03:55 [WARNING] dw.ws: WS closed: Connection to remote host was lost.
2026-02-13 00:03:55 [INFO] dw.ws: Reconnecting in 2.00s
2026-02-13 00:03:57 [INFO] dw.ws: WS connected wss://advanced-trade-ws.coinbase.com
2026-02-13 00:18:44 [WARNING] dw.ws: WS closed: Connection to remote host was lost.
2026-02-13 00:18:44 [INFO] dw.ws: Reconnecting in 4.00s
2026-02-13 00:18:49 [INFO] dw.ws: WS connected wss://advanced-trade-ws.coinbase.com
2026-02-13 02:08:49 [WARNING] dw.ws: WS closed: Connection to remote host was lost.
2026-02-13 02:08:49 [INFO] dw.ws: Reconnecting in 8.00s
2026-02-13 02:08:57 [INFO] dw.ws: WS connected wss://advanced-trade-ws.coinbase.com
2026-02-13 02:31:03 [WARNING] dw.ws: WS closed: Connection to remote host was lost.
2026-02-13 02:31:03 [INFO] dw.ws: Reconnecting in 15.00s
2026-02-13 02:31:18 [INFO] dw.ws: WS connected wss://advanced-trade-ws.coinbase.com
2026-02-13 02:59:26 [WARNING] dw.ws: WS closed: Connection to remote host was lost.
2026-02-13 02:59:26 [INFO] dw.ws: Reconnecting in 15.00s
2026-02-13 02:59:42 [INFO] dw.ws: WS connected wss://advanced-trade-ws.coinbase.com
2026-02-13 03:06:04 [WARNING] dw.ws: WS closed: Connection to remote host was lost.
2026-02-13 03:06:04 [INFO] dw.ws: Reconnecting in 15.00s
2026-02-13 03:06:20 [INFO] dw.ws: WS connected wss://advanced-trade-ws.coinbase.com
2026-02-13 09:05:20 [WARNING] dw.ws: WS closed: WS recv error: [Errno 32] Broken pipe
2026-02-13 09:05:20 [INFO] dw.ws: Reconnecting in 15.00s
2026-02-13 09:05:36 [INFO] dw.ws: WS connected wss://advanced-trade-ws.coinbase.com
2026-02-13 11:28:53 [WARNING] dw.ws: WS closed: Connection to remote host was lost.
2026-02-13 11:28:53 [INFO] dw.ws: Reconnecting in 15.00s
2026-02-13 11:29:08 [INFO] dw.ws: WS connected wss://advanced-trade-ws.coinbase.com
2026-02-13 19:18:23 [WARNING] dw.ws: WS closed: WS recv error: [Errno 101] Network is unreachable
2026-02-13 19:18:23 [INFO] dw.ws: Reconnecting in 15.00s
2026-02-13 19:18:38 [INFO] dw.ws: WS connected wss://advanced-trade-ws.coinbase.com
2026-02-13 20:38:34 [WARNING] dw.ws: WS closed: Connection to remote host was lost.
2026-02-13 20:38:34 [INFO] dw.ws: Reconnecting in 15.00s
2026-02-13 20:38:50 [INFO] dw.ws: WS connected wss://advanced-trade-ws.coinbase.com
2026-02-13 20:44:16 [WARNING] dw.ws: WS closed: Connection to remote host was lost.
2026-02-13 20:44:16 [INFO] dw.ws: Reconnecting in 15.00s
2026-02-13 20:44:31 [INFO] dw.ws: WS connected wss://advanced-trade-ws.coinbase.com
