2025-12-03 01:13:20,178 INFO Ingest started for BTC-USD, ETH-USD, SOL-USD, XRP-USD, DOGE-USD, MON-USD, ADA-USD, AAVE-USD, SUI-USD, LINK-USD, HBAR-USD
2025-12-03 01:13:20,297 INFO Subscribed to BTC-USD, ETH-USD, SOL-USD, XRP-USD, DOGE-USD, MON-USD, ADA-USD, AAVE-USD, SUI-USD, LINK-USD, HBAR-USD
2025-12-03 01:38:50,646 ERROR WS error: [Errno 104] Connection reset by peer
Traceback (most recent call last):
  File "/home/dan/coinbase-dw/ingest.py", line 129, in _loop
    raw = self._ws.recv()
  File "/home/dan/coinbase-dw/venv/lib/python3.13/site-packages/websocket/_core.py", line 395, in recv
    opcode, data = self.recv_data()
                   ~~~~~~~~~~~~~~^^
  File "/home/dan/coinbase-dw/venv/lib/python3.13/site-packages/websocket/_core.py", line 423, in recv_data
    opcode, frame = self.recv_data_frame(control_frame)
                    ~~~~~~~~~~~~~~~~~~~~^^^^^^^^^^^^^^^
  File "/home/dan/coinbase-dw/venv/lib/python3.13/site-packages/websocket/_core.py", line 444, in recv_data_frame
    frame = self.recv_frame()
  File "/home/dan/coinbase-dw/venv/lib/python3.13/site-packages/websocket/_core.py", line 485, in recv_frame
    return self.frame_buffer.recv_frame()
           ~~~~~~~~~~~~~~~~~~~~~~~~~~~~^^
  File "/home/dan/coinbase-dw/venv/lib/python3.13/site-packages/websocket/_abnf.py", line 375, in recv_frame
    self.recv_header()
    ~~~~~~~~~~~~~~~~^^
  File "/home/dan/coinbase-dw/venv/lib/python3.13/site-packages/websocket/_abnf.py", line 329, in recv_header
    header = self.recv_strict(2)
  File "/home/dan/coinbase-dw/venv/lib/python3.13/site-packages/websocket/_abnf.py", line 418, in recv_strict
    bytes_ = self.recv(min(16384, shortage))
  File "/home/dan/coinbase-dw/venv/lib/python3.13/site-packages/websocket/_core.py", line 581, in _recv
    return recv(self.sock, bufsize)
  File "/home/dan/coinbase-dw/venv/lib/python3.13/site-packages/websocket/_socket.py", line 127, in recv
    bytes_ = _recv()
  File "/home/dan/coinbase-dw/venv/lib/python3.13/site-packages/websocket/_socket.py", line 99, in _recv
    return sock.recv(bufsize)
           ~~~~~~~~~^^^^^^^^^
  File "/usr/lib/python3.13/ssl.py", line 1285, in recv
    return self.read(buflen)
           ~~~~~~~~~^^^^^^^^
  File "/usr/lib/python3.13/ssl.py", line 1140, in read
    return self._sslobj.read(len)
           ~~~~~~~~~~~~~~~~~^^^^^
ConnectionResetError: [Errno 104] Connection reset by peer
2025-12-03 01:38:51,866 INFO Subscribed to BTC-USD, ETH-USD, SOL-USD, XRP-USD, DOGE-USD, MON-USD, ADA-USD, AAVE-USD, SUI-USD, LINK-USD, HBAR-USD
2025-12-03 06:34:57,905 WARNING WS closed; reconnecting
2025-12-03 06:34:59,128 INFO Subscribed to BTC-USD, ETH-USD, SOL-USD, XRP-USD, DOGE-USD, MON-USD, ADA-USD, AAVE-USD, SUI-USD, LINK-USD, HBAR-USD
2025-12-03 06:35:04,176 ERROR WS error: Connection timed out
Traceback (most recent call last):
  File "/home/dan/coinbase-dw/venv/lib/python3.13/site-packages/websocket/_socket.py", line 127, in recv
    bytes_ = _recv()
  File "/home/dan/coinbase-dw/venv/lib/python3.13/site-packages/websocket/_socket.py", line 99, in _recv
    return sock.recv(bufsize)
           ~~~~~~~~~^^^^^^^^^
  File "/usr/lib/python3.13/ssl.py", line 1285, in recv
    return self.read(buflen)
           ~~~~~~~~~^^^^^^^^
  File "/usr/lib/python3.13/ssl.py", line 1140, in read
    return self._sslobj.read(len)
           ~~~~~~~~~~~~~~~~~^^^^^
TimeoutError: The read operation timed out

During handling of the above exception, another exception occurred:

Traceback (most recent call last):
  File "/home/dan/coinbase-dw/ingest.py", line 129, in _loop
    raw = self._ws.recv()
  File "/home/dan/coinbase-dw/venv/lib/python3.13/site-packages/websocket/_core.py", line 395, in recv
    opcode, data = self.recv_data()
                   ~~~~~~~~~~~~~~^^
  File "/home/dan/coinbase-dw/venv/lib/python3.13/site-packages/websocket/_core.py", line 423, in recv_data
    opcode, frame = self.recv_data_frame(control_frame)
                    ~~~~~~~~~~~~~~~~~~~~^^^^^^^^^^^^^^^
  File "/home/dan/coinbase-dw/venv/lib/python3.13/site-packages/websocket/_core.py", line 444, in recv_data_frame
    frame = self.recv_frame()
  File "/home/dan/coinbase-dw/venv/lib/python3.13/site-packages/websocket/_core.py", line 485, in recv_frame
    return self.frame_buffer.recv_frame()
           ~~~~~~~~~~~~~~~~~~~~~~~~~~~~^^
  File "/home/dan/coinbase-dw/venv/lib/python3.13/site-packages/websocket/_abnf.py", line 375, in recv_frame
    self.recv_header()
    ~~~~~~~~~~~~~~~~^^
  File "/home/dan/coinbase-dw/venv/lib/python3.13/site-packages/websocket/_abnf.py", line 329, in recv_header
    header = self.recv_strict(2)
  File "/home/dan/coinbase-dw/venv/lib/python3.13/site-packages/websocket/_abnf.py", line 418, in recv_strict
    bytes_ = self.recv(min(16384, shortage))
  File "/home/dan/coinbase-dw/venv/lib/python3.13/site-packages/websocket/_core.py", line 581, in _recv
    return recv(self.sock, bufsize)
  File "/home/dan/coinbase-dw/venv/lib/python3.13/site-packages/websocket/_socket.py", line 129, in recv
    raise WebSocketTimeoutException("Connection timed out")
websocket._exceptions.WebSocketTimeoutException: Connection timed out
2025-12-03 06:35:05,358 INFO Subscribed to BTC-USD, ETH-USD, SOL-USD, XRP-USD, DOGE-USD, MON-USD, ADA-USD, AAVE-USD, SUI-USD, LINK-USD, HBAR-USD
2025-12-03 06:35:10,362 ERROR WS error: Connection timed out
Traceback (most recent call last):
  File "/home/dan/coinbase-dw/venv/lib/python3.13/site-packages/websocket/_socket.py", line 127, in recv
    bytes_ = _recv()
  File "/home/dan/coinbase-dw/venv/lib/python3.13/site-packages/websocket/_socket.py", line 99, in _recv
    return sock.recv(bufsize)
           ~~~~~~~~~^^^^^^^^^
  File "/usr/lib/python3.13/ssl.py", line 1285, in recv
    return self.read(buflen)
           ~~~~~~~~~^^^^^^^^
  File "/usr/lib/python3.13/ssl.py", line 1140, in read
    return self._sslobj.read(len)
           ~~~~~~~~~~~~~~~~~^^^^^
TimeoutError: The read operation timed out

During handling of the above exception, another exception occurred:

Traceback (most recent call last):
  File "/home/dan/coinbase-dw/ingest.py", line 129, in _loop
    raw = self._ws.recv()
  File "/home/dan/coinbase-dw/venv/lib/python3.13/site-packages/websocket/_core.py", line 395, in recv
    opcode, data = self.recv_data()
                   ~~~~~~~~~~~~~~^^
  File "/home/dan/coinbase-dw/venv/lib/python3.13/site-packages/websocket/_core.py", line 423, in recv_data
    opcode, frame = self.recv_data_frame(control_frame)
                    ~~~~~~~~~~~~~~~~~~~~^^^^^^^^^^^^^^^
  File "/home/dan/coinbase-dw/venv/lib/python3.13/site-packages/websocket/_core.py", line 444, in recv_data_frame
    frame = self.recv_frame()
  File "/home/dan/coinbase-dw/venv/lib/python3.13/site-packages/websocket/_core.py", line 485, in recv_frame
    return self.frame_buffer.recv_frame()
           ~~~~~~~~~~~~~~~~~~~~~~~~~~~~^^
  File "/home/dan/coinbase-dw/venv/lib/python3.13/site-packages/websocket/_abnf.py", line 375, in recv_frame
    self.recv_header()
    ~~~~~~~~~~~~~~~~^^
  File "/home/dan/coinbase-dw/venv/lib/python3.13/site-packages/websocket/_abnf.py", line 329, in recv_header
    header = self.recv_strict(2)
  File "/home/dan/coinbase-dw/venv/lib/python3.13/site-packages/websocket/_abnf.py", line 418, in recv_strict
    bytes_ = self.recv(min(16384, shortage))
  File "/home/dan/coinbase-dw/venv/lib/python3.13/site-packages/websocket/_core.py", line 581, in _recv
    return recv(self.sock, bufsize)
  File "/home/dan/coinbase-dw/venv/lib/python3.13/site-packages/websocket/_socket.py", line 129, in recv
    raise WebSocketTimeoutException("Connection timed out")
websocket._exceptions.WebSocketTimeoutException: Connection timed out
2025-12-03 06:35:11,557 INFO Subscribed to BTC-USD, ETH-USD, SOL-USD, XRP-USD, DOGE-USD, MON-USD, ADA-USD, AAVE-USD, SUI-USD, LINK-USD, HBAR-USD
2025-12-03 06:35:16,650 ERROR WS error: Connection timed out
Traceback (most recent call last):
  File "/home/dan/coinbase-dw/venv/lib/python3.13/site-packages/websocket/_socket.py", line 127, in recv
    bytes_ = _recv()
  File "/home/dan/coinbase-dw/venv/lib/python3.13/site-packages/websocket/_socket.py", line 99, in _recv
    return sock.recv(bufsize)
           ~~~~~~~~~^^^^^^^^^
  File "/usr/lib/python3.13/ssl.py", line 1285, in recv
    return self.read(buflen)
           ~~~~~~~~~^^^^^^^^
  File "/usr/lib/python3.13/ssl.py", line 1140, in read
    return self._sslobj.read(len)
           ~~~~~~~~~~~~~~~~~^^^^^
TimeoutError: The read operation timed out

During handling of the above exception, another exception occurred:

Traceback (most recent call last):
  File "/home/dan/coinbase-dw/ingest.py", line 129, in _loop
    raw = self._ws.recv()
  File "/home/dan/coinbase-dw/venv/lib/python3.13/site-packages/websocket/_core.py", line 395, in recv
    opcode, data = self.recv_data()
                   ~~~~~~~~~~~~~~^^
  File "/home/dan/coinbase-dw/venv/lib/python3.13/site-packages/websocket/_core.py", line 423, in recv_data
    opcode, frame = self.recv_data_frame(control_frame)
                    ~~~~~~~~~~~~~~~~~~~~^^^^^^^^^^^^^^^
  File "/home/dan/coinbase-dw/venv/lib/python3.13/site-packages/websocket/_core.py", line 444, in recv_data_frame
    frame = self.recv_frame()
  File "/home/dan/coinbase-dw/venv/lib/python3.13/site-packages/websocket/_core.py", line 485, in recv_frame
    return self.frame_buffer.recv_frame()
           ~~~~~~~~~~~~~~~~~~~~~~~~~~~~^^
  File "/home/dan/coinbase-dw/venv/lib/python3.13/site-packages/websocket/_abnf.py", line 375, in recv_frame
    self.recv_header()
    ~~~~~~~~~~~~~~~~^^
  File "/home/dan/coinbase-dw/venv/lib/python3.13/site-packages/websocket/_abnf.py", line 329, in recv_header
    header = self.recv_strict(2)
  File "/home/dan/coinbase-dw/venv/lib/python3.13/site-packages/websocket/_abnf.py", line 418, in recv_strict
    bytes_ = self.recv(min(16384, shortage))
  File "/home/dan/coinbase-dw/venv/lib/python3.13/site-packages/websocket/_core.py", line 581, in _recv
    return recv(self.sock, bufsize)
  File "/home/dan/coinbase-dw/venv/lib/python3.13/site-packages/websocket/_socket.py", line 129, in recv
    raise WebSocketTimeoutException("Connection timed out")
websocket._exceptions.WebSocketTimeoutException: Connection timed out
2025-12-03 06:35:17,791 INFO Subscribed to BTC-USD, ETH-USD, SOL-USD, XRP-USD, DOGE-USD, MON-USD, ADA-USD, AAVE-USD, SUI-USD, LINK-USD, HBAR-USD
2025-12-03 06:35:22,886 ERROR WS error: Connection timed out
Traceback (most recent call last):
  File "/home/dan/coinbase-dw/venv/lib/python3.13/site-packages/websocket/_socket.py", line 127, in recv
    bytes_ = _recv()
  File "/home/dan/coinbase-dw/venv/lib/python3.13/site-packages/websocket/_socket.py", line 99, in _recv
    return sock.recv(bufsize)
           ~~~~~~~~~^^^^^^^^^
  File "/usr/lib/python3.13/ssl.py", line 1285, in recv
    return self.read(buflen)
           ~~~~~~~~~^^^^^^^^
  File "/usr/lib/python3.13/ssl.py", line 1140, in read
    return self._sslobj.read(len)
           ~~~~~~~~~~~~~~~~~^^^^^
TimeoutError: The read operation timed out

During handling of the above exception, another exception occurred:

Traceback (most recent call last):
  File "/home/dan/coinbase-dw/ingest.py", line 129, in _loop
    raw = self._ws.recv()
  File "/home/dan/coinbase-dw/venv/lib/python3.13/site-packages/websocket/_core.py", line 395, in recv
    opcode, data = self.recv_data()
                   ~~~~~~~~~~~~~~^^
  File "/home/dan/coinbase-dw/venv/lib/python3.13/site-packages/websocket/_core.py", line 423, in recv_data
    opcode, frame = self.recv_data_frame(control_frame)
                    ~~~~~~~~~~~~~~~~~~~~^^^^^^^^^^^^^^^
  File "/home/dan/coinbase-dw/venv/lib/python3.13/site-packages/websocket/_core.py", line 444, in recv_data_frame
    frame = self.recv_frame()
  File "/home/dan/coinbase-dw/venv/lib/python3.13/site-packages/websocket/_core.py", line 485, in recv_frame
    return self.frame_buffer.recv_frame()
           ~~~~~~~~~~~~~~~~~~~~~~~~~~~~^^
  File "/home/dan/coinbase-dw/venv/lib/python3.13/site-packages/websocket/_abnf.py", line 375, in recv_frame
    self.recv_header()
    ~~~~~~~~~~~~~~~~^^
  File "/home/dan/coinbase-dw/venv/lib/python3.13/site-packages/websocket/_abnf.py", line 329, in recv_header
    header = self.recv_strict(2)
  File "/home/dan/coinbase-dw/venv/lib/python3.13/site-packages/websocket/_abnf.py", line 418, in recv_strict
    bytes_ = self.recv(min(16384, shortage))
  File "/home/dan/coinbase-dw/venv/lib/python3.13/site-packages/websocket/_core.py", line 581, in _recv
    return recv(self.sock, bufsize)
  File "/home/dan/coinbase-dw/venv/lib/python3.13/site-packages/websocket/_socket.py", line 129, in recv
    raise WebSocketTimeoutException("Connection timed out")
websocket._exceptions.WebSocketTimeoutException: Connection timed out
2025-12-03 06:35:24,045 INFO Subscribed to BTC-USD, ETH-USD, SOL-USD, XRP-USD, DOGE-USD, MON-USD, ADA-USD, AAVE-USD, SUI-USD, LINK-USD, HBAR-USD
2025-12-03 08:06:04,854 WARNING WS closed; reconnecting
2025-12-03 08:06:06,019 INFO Subscribed to BTC-USD, ETH-USD, SOL-USD, XRP-USD, DOGE-USD, MON-USD, ADA-USD, AAVE-USD, SUI-USD, LINK-USD, HBAR-USD
2025-12-03 08:06:11,024 ERROR WS error: Connection timed out
Traceback (most recent call last):
  File "/home/dan/coinbase-dw/venv/lib/python3.13/site-packages/websocket/_socket.py", line 127, in recv
    bytes_ = _recv()
  File "/home/dan/coinbase-dw/venv/lib/python3.13/site-packages/websocket/_socket.py", line 99, in _recv
    return sock.recv(bufsize)
           ~~~~~~~~~^^^^^^^^^
  File "/usr/lib/python3.13/ssl.py", line 1285, in recv
    return self.read(buflen)
           ~~~~~~~~~^^^^^^^^
  File "/usr/lib/python3.13/ssl.py", line 1140, in read
    return self._sslobj.read(len)
           ~~~~~~~~~~~~~~~~~^^^^^
TimeoutError: The read operation timed out

During handling of the above exception, another exception occurred:

Traceback (most recent call last):
  File "/home/dan/coinbase-dw/ingest.py", line 129, in _loop
    raw = self._ws.recv()
  File "/home/dan/coinbase-dw/venv/lib/python3.13/site-packages/websocket/_core.py", line 395, in recv
    opcode, data = self.recv_data()
                   ~~~~~~~~~~~~~~^^
  File "/home/dan/coinbase-dw/venv/lib/python3.13/site-packages/websocket/_core.py", line 423, in recv_data
    opcode, frame = self.recv_data_frame(control_frame)
                    ~~~~~~~~~~~~~~~~~~~~^^^^^^^^^^^^^^^
  File "/home/dan/coinbase-dw/venv/lib/python3.13/site-packages/websocket/_core.py", line 444, in recv_data_frame
    frame = self.recv_frame()
  File "/home/dan/coinbase-dw/venv/lib/python3.13/site-packages/websocket/_core.py", line 485, in recv_frame
    return self.frame_buffer.recv_frame()
           ~~~~~~~~~~~~~~~~~~~~~~~~~~~~^^
  File "/home/dan/coinbase-dw/venv/lib/python3.13/site-packages/websocket/_abnf.py", line 375, in recv_frame
    self.recv_header()
    ~~~~~~~~~~~~~~~~^^
  File "/home/dan/coinbase-dw/venv/lib/python3.13/site-packages/websocket/_abnf.py", line 329, in recv_header
    header = self.recv_strict(2)
  File "/home/dan/coinbase-dw/venv/lib/python3.13/site-packages/websocket/_abnf.py", line 418, in recv_strict
    bytes_ = self.recv(min(16384, shortage))
  File "/home/dan/coinbase-dw/venv/lib/python3.13/site-packages/websocket/_core.py", line 581, in _recv
    return recv(self.sock, bufsize)
  File "/home/dan/coinbase-dw/venv/lib/python3.13/site-packages/websocket/_socket.py", line 129, in recv
    raise WebSocketTimeoutException("Connection timed out")
websocket._exceptions.WebSocketTimeoutException: Connection timed out
2025-12-03 08:06:12,178 INFO Subscribed to BTC-USD, ETH-USD, SOL-USD, XRP-USD, DOGE-USD, MON-USD, ADA-USD, AAVE-USD, SUI-USD, LINK-USD, HBAR-USD
2025-12-03 08:06:17,183 ERROR WS error: Connection timed out
Traceback (most recent call last):
  File "/home/dan/coinbase-dw/venv/lib/python3.13/site-packages/websocket/_socket.py", line 127, in recv
    bytes_ = _recv()
  File "/home/dan/coinbase-dw/venv/lib/python3.13/site-packages/websocket/_socket.py", line 99, in _recv
    return sock.recv(bufsize)
           ~~~~~~~~~^^^^^^^^^
  File "/usr/lib/python3.13/ssl.py", line 1285, in recv
    return self.read(buflen)
           ~~~~~~~~~^^^^^^^^
  File "/usr/lib/python3.13/ssl.py", line 1140, in read
    return self._sslobj.read(len)
           ~~~~~~~~~~~~~~~~~^^^^^
TimeoutError: The read operation timed out

During handling of the above exception, another exception occurred:

Traceback (most recent call last):
  File "/home/dan/coinbase-dw/ingest.py", line 129, in _loop
    raw = self._ws.recv()
  File "/home/dan/coinbase-dw/venv/lib/python3.13/site-packages/websocket/_core.py", line 395, in recv
    opcode, data = self.recv_data()
                   ~~~~~~~~~~~~~~^^
  File "/home/dan/coinbase-dw/venv/lib/python3.13/site-packages/websocket/_core.py", line 423, in recv_data
    opcode, frame = self.recv_data_frame(control_frame)
                    ~~~~~~~~~~~~~~~~~~~~^^^^^^^^^^^^^^^
  File "/home/dan/coinbase-dw/venv/lib/python3.13/site-packages/websocket/_core.py", line 444, in recv_data_frame
    frame = self.recv_frame()
  File "/home/dan/coinbase-dw/venv/lib/python3.13/site-packages/websocket/_core.py", line 485, in recv_frame
    return self.frame_buffer.recv_frame()
           ~~~~~~~~~~~~~~~~~~~~~~~~~~~~^^
  File "/home/dan/coinbase-dw/venv/lib/python3.13/site-packages/websocket/_abnf.py", line 375, in recv_frame
    self.recv_header()
    ~~~~~~~~~~~~~~~~^^
  File "/home/dan/coinbase-dw/venv/lib/python3.13/site-packages/websocket/_abnf.py", line 329, in recv_header
    header = self.recv_strict(2)
  File "/home/dan/coinbase-dw/venv/lib/python3.13/site-packages/websocket/_abnf.py", line 418, in recv_strict
    bytes_ = self.recv(min(16384, shortage))
  File "/home/dan/coinbase-dw/venv/lib/python3.13/site-packages/websocket/_core.py", line 581, in _recv
    return recv(self.sock, bufsize)
  File "/home/dan/coinbase-dw/venv/lib/python3.13/site-packages/websocket/_socket.py", line 129, in recv
    raise WebSocketTimeoutException("Connection timed out")
websocket._exceptions.WebSocketTimeoutException: Connection timed out
2025-12-03 08:06:18,342 INFO Subscribed to BTC-USD, ETH-USD, SOL-USD, XRP-USD, DOGE-USD, MON-USD, ADA-USD, AAVE-USD, SUI-USD, LINK-USD, HBAR-USD
2025-12-03 08:06:23,347 ERROR WS error: Connection timed out
Traceback (most recent call last):
  File "/home/dan/coinbase-dw/venv/lib/python3.13/site-packages/websocket/_socket.py", line 127, in recv
    bytes_ = _recv()
  File "/home/dan/coinbase-dw/venv/lib/python3.13/site-packages/websocket/_socket.py", line 99, in _recv
    return sock.recv(bufsize)
           ~~~~~~~~~^^^^^^^^^
  File "/usr/lib/python3.13/ssl.py", line 1285, in recv
    return self.read(buflen)
           ~~~~~~~~~^^^^^^^^
  File "/usr/lib/python3.13/ssl.py", line 1140, in read
    return self._sslobj.read(len)
           ~~~~~~~~~~~~~~~~~^^^^^
TimeoutError: The read operation timed out

During handling of the above exception, another exception occurred:

Traceback (most recent call last):
  File "/home/dan/coinbase-dw/ingest.py", line 129, in _loop
    raw = self._ws.recv()
  File "/home/dan/coinbase-dw/venv/lib/python3.13/site-packages/websocket/_core.py", line 395, in recv
    opcode, data = self.recv_data()
                   ~~~~~~~~~~~~~~^^
  File "/home/dan/coinbase-dw/venv/lib/python3.13/site-packages/websocket/_core.py", line 423, in recv_data
    opcode, frame = self.recv_data_frame(control_frame)
                    ~~~~~~~~~~~~~~~~~~~~^^^^^^^^^^^^^^^
  File "/home/dan/coinbase-dw/venv/lib/python3.13/site-packages/websocket/_core.py", line 444, in recv_data_frame
    frame = self.recv_frame()
  File "/home/dan/coinbase-dw/venv/lib/python3.13/site-packages/websocket/_core.py", line 485, in recv_frame
    return self.frame_buffer.recv_frame()
           ~~~~~~~~~~~~~~~~~~~~~~~~~~~~^^
  File "/home/dan/coinbase-dw/venv/lib/python3.13/site-packages/websocket/_abnf.py", line 375, in recv_frame
    self.recv_header()
    ~~~~~~~~~~~~~~~~^^
  File "/home/dan/coinbase-dw/venv/lib/python3.13/site-packages/websocket/_abnf.py", line 329, in recv_header
    header = self.recv_strict(2)
  File "/home/dan/coinbase-dw/venv/lib/python3.13/site-packages/websocket/_abnf.py", line 418, in recv_strict
    bytes_ = self.recv(min(16384, shortage))
  File "/home/dan/coinbase-dw/venv/lib/python3.13/site-packages/websocket/_core.py", line 581, in _recv
    return recv(self.sock, bufsize)
  File "/home/dan/coinbase-dw/venv/lib/python3.13/site-packages/websocket/_socket.py", line 129, in recv
    raise WebSocketTimeoutException("Connection timed out")
websocket._exceptions.WebSocketTimeoutException: Connection timed out
2025-12-03 08:06:24,482 INFO Subscribed to BTC-USD, ETH-USD, SOL-USD, XRP-USD, DOGE-USD, MON-USD, ADA-USD, AAVE-USD, SUI-USD, LINK-USD, HBAR-USD
2025-12-03 08:06:29,486 ERROR WS error: Connection timed out
Traceback (most recent call last):
  File "/home/dan/coinbase-dw/venv/lib/python3.13/site-packages/websocket/_socket.py", line 127, in recv
    bytes_ = _recv()
  File "/home/dan/coinbase-dw/venv/lib/python3.13/site-packages/websocket/_socket.py", line 99, in _recv
    return sock.recv(bufsize)
           ~~~~~~~~~^^^^^^^^^
  File "/usr/lib/python3.13/ssl.py", line 1285, in recv
    return self.read(buflen)
           ~~~~~~~~~^^^^^^^^
  File "/usr/lib/python3.13/ssl.py", line 1140, in read
    return self._sslobj.read(len)
           ~~~~~~~~~~~~~~~~~^^^^^
TimeoutError: The read operation timed out

During handling of the above exception, another exception occurred:

Traceback (most recent call last):
  File "/home/dan/coinbase-dw/ingest.py", line 129, in _loop
    raw = self._ws.recv()
  File "/home/dan/coinbase-dw/venv/lib/python3.13/site-packages/websocket/_core.py", line 395, in recv
    opcode, data = self.recv_data()
                   ~~~~~~~~~~~~~~^^
  File "/home/dan/coinbase-dw/venv/lib/python3.13/site-packages/websocket/_core.py", line 423, in recv_data
    opcode, frame = self.recv_data_frame(control_frame)
                    ~~~~~~~~~~~~~~~~~~~~^^^^^^^^^^^^^^^
  File "/home/dan/coinbase-dw/venv/lib/python3.13/site-packages/websocket/_core.py", line 444, in recv_data_frame
    frame = self.recv_frame()
  File "/home/dan/coinbase-dw/venv/lib/python3.13/site-packages/websocket/_core.py", line 485, in recv_frame
    return self.frame_buffer.recv_frame()
           ~~~~~~~~~~~~~~~~~~~~~~~~~~~~^^
  File "/home/dan/coinbase-dw/venv/lib/python3.13/site-packages/websocket/_abnf.py", line 375, in recv_frame
    self.recv_header()
    ~~~~~~~~~~~~~~~~^^
  File "/home/dan/coinbase-dw/venv/lib/python3.13/site-packages/websocket/_abnf.py", line 329, in recv_header
    header = self.recv_strict(2)
  File "/home/dan/coinbase-dw/venv/lib/python3.13/site-packages/websocket/_abnf.py", line 418, in recv_strict
    bytes_ = self.recv(min(16384, shortage))
  File "/home/dan/coinbase-dw/venv/lib/python3.13/site-packages/websocket/_core.py", line 581, in _recv
    return recv(self.sock, bufsize)
  File "/home/dan/coinbase-dw/venv/lib/python3.13/site-packages/websocket/_socket.py", line 129, in recv
    raise WebSocketTimeoutException("Connection timed out")
websocket._exceptions.WebSocketTimeoutException: Connection timed out
2025-12-03 08:06:30,617 INFO Subscribed to BTC-USD, ETH-USD, SOL-USD, XRP-USD, DOGE-USD, MON-USD, ADA-USD, AAVE-USD, SUI-USD, LINK-USD, HBAR-USD
2025-12-03 08:06:35,620 ERROR WS error: Connection timed out
Traceback (most recent call last):
  File "/home/dan/coinbase-dw/venv/lib/python3.13/site-packages/websocket/_socket.py", line 127, in recv
    bytes_ = _recv()
  File "/home/dan/coinbase-dw/venv/lib/python3.13/site-packages/websocket/_socket.py", line 99, in _recv
    return sock.recv(bufsize)
           ~~~~~~~~~^^^^^^^^^
  File "/usr/lib/python3.13/ssl.py", line 1285, in recv
    return self.read(buflen)
           ~~~~~~~~~^^^^^^^^
  File "/usr/lib/python3.13/ssl.py", line 1140, in read
    return self._sslobj.read(len)
           ~~~~~~~~~~~~~~~~~^^^^^
TimeoutError: The read operation timed out

During handling of the above exception, another exception occurred:

Traceback (most recent call last):
  File "/home/dan/coinbase-dw/ingest.py", line 129, in _loop
    raw = self._ws.recv()
  File "/home/dan/coinbase-dw/venv/lib/python3.13/site-packages/websocket/_core.py", line 395, in recv
    opcode, data = self.recv_data()
                   ~~~~~~~~~~~~~~^^
  File "/home/dan/coinbase-dw/venv/lib/python3.13/site-packages/websocket/_core.py", line 423, in recv_data
    opcode, frame = self.recv_data_frame(control_frame)
                    ~~~~~~~~~~~~~~~~~~~~^^^^^^^^^^^^^^^
  File "/home/dan/coinbase-dw/venv/lib/python3.13/site-packages/websocket/_core.py", line 444, in recv_data_frame
    frame = self.recv_frame()
  File "/home/dan/coinbase-dw/venv/lib/python3.13/site-packages/websocket/_core.py", line 485, in recv_frame
    return self.frame_buffer.recv_frame()
           ~~~~~~~~~~~~~~~~~~~~~~~~~~~~^^
  File "/home/dan/coinbase-dw/venv/lib/python3.13/site-packages/websocket/_abnf.py", line 375, in recv_frame
    self.recv_header()
    ~~~~~~~~~~~~~~~~^^
  File "/home/dan/coinbase-dw/venv/lib/python3.13/site-packages/websocket/_abnf.py", line 329, in recv_header
    header = self.recv_strict(2)
  File "/home/dan/coinbase-dw/venv/lib/python3.13/site-packages/websocket/_abnf.py", line 418, in recv_strict
    bytes_ = self.recv(min(16384, shortage))
  File "/home/dan/coinbase-dw/venv/lib/python3.13/site-packages/websocket/_core.py", line 581, in _recv
    return recv(self.sock, bufsize)
  File "/home/dan/coinbase-dw/venv/lib/python3.13/site-packages/websocket/_socket.py", line 129, in recv
    raise WebSocketTimeoutException("Connection timed out")
websocket._exceptions.WebSocketTimeoutException: Connection timed out
2025-12-03 08:06:36,792 INFO Subscribed to BTC-USD, ETH-USD, SOL-USD, XRP-USD, DOGE-USD, MON-USD, ADA-USD, AAVE-USD, SUI-USD, LINK-USD, HBAR-USD
2025-12-03 08:06:41,797 ERROR WS error: Connection timed out
Traceback (most recent call last):
  File "/home/dan/coinbase-dw/venv/lib/python3.13/site-packages/websocket/_socket.py", line 127, in recv
    bytes_ = _recv()
  File "/home/dan/coinbase-dw/venv/lib/python3.13/site-packages/websocket/_socket.py", line 99, in _recv
    return sock.recv(bufsize)
           ~~~~~~~~~^^^^^^^^^
  File "/usr/lib/python3.13/ssl.py", line 1285, in recv
    return self.read(buflen)
           ~~~~~~~~~^^^^^^^^
  File "/usr/lib/python3.13/ssl.py", line 1140, in read
    return self._sslobj.read(len)
           ~~~~~~~~~~~~~~~~~^^^^^
TimeoutError: The read operation timed out

During handling of the above exception, another exception occurred:

Traceback (most recent call last):
  File "/home/dan/coinbase-dw/ingest.py", line 129, in _loop
    raw = self._ws.recv()
  File "/home/dan/coinbase-dw/venv/lib/python3.13/site-packages/websocket/_core.py", line 395, in recv
    opcode, data = self.recv_data()
                   ~~~~~~~~~~~~~~^^
  File "/home/dan/coinbase-dw/venv/lib/python3.13/site-packages/websocket/_core.py", line 423, in recv_data
    opcode, frame = self.recv_data_frame(control_frame)
                    ~~~~~~~~~~~~~~~~~~~~^^^^^^^^^^^^^^^
  File "/home/dan/coinbase-dw/venv/lib/python3.13/site-packages/websocket/_core.py", line 444, in recv_data_frame
    frame = self.recv_frame()
  File "/home/dan/coinbase-dw/venv/lib/python3.13/site-packages/websocket/_core.py", line 485, in recv_frame
    return self.frame_buffer.recv_frame()
           ~~~~~~~~~~~~~~~~~~~~~~~~~~~~^^
  File "/home/dan/coinbase-dw/venv/lib/python3.13/site-packages/websocket/_abnf.py", line 375, in recv_frame
    self.recv_header()
    ~~~~~~~~~~~~~~~~^^
  File "/home/dan/coinbase-dw/venv/lib/python3.13/site-packages/websocket/_abnf.py", line 329, in recv_header
    header = self.recv_strict(2)
  File "/home/dan/coinbase-dw/venv/lib/python3.13/site-packages/websocket/_abnf.py", line 418, in recv_strict
    bytes_ = self.recv(min(16384, shortage))
  File "/home/dan/coinbase-dw/venv/lib/python3.13/site-packages/websocket/_core.py", line 581, in _recv
    return recv(self.sock, bufsize)
  File "/home/dan/coinbase-dw/venv/lib/python3.13/site-packages/websocket/_socket.py", line 129, in recv
    raise WebSocketTimeoutException("Connection timed out")
websocket._exceptions.WebSocketTimeoutException: Connection timed out
2025-12-03 08:06:42,943 INFO Subscribed to BTC-USD, ETH-USD, SOL-USD, XRP-USD, DOGE-USD, MON-USD, ADA-USD, AAVE-USD, SUI-USD, LINK-USD, HBAR-USD
2025-12-03 08:06:47,949 ERROR WS error: Connection timed out
Traceback (most recent call last):
  File "/home/dan/coinbase-dw/venv/lib/python3.13/site-packages/websocket/_socket.py", line 127, in recv
    bytes_ = _recv()
  File "/home/dan/coinbase-dw/venv/lib/python3.13/site-packages/websocket/_socket.py", line 99, in _recv
    return sock.recv(bufsize)
           ~~~~~~~~~^^^^^^^^^
  File "/usr/lib/python3.13/ssl.py", line 1285, in recv
    return self.read(buflen)
           ~~~~~~~~~^^^^^^^^
  File "/usr/lib/python3.13/ssl.py", line 1140, in read
    return self._sslobj.read(len)
           ~~~~~~~~~~~~~~~~~^^^^^
TimeoutError: The read operation timed out

During handling of the above exception, another exception occurred:

Traceback (most recent call last):
  File "/home/dan/coinbase-dw/ingest.py", line 129, in _loop
    raw = self._ws.recv()
  File "/home/dan/coinbase-dw/venv/lib/python3.13/site-packages/websocket/_core.py", line 395, in recv
    opcode, data = self.recv_data()
                   ~~~~~~~~~~~~~~^^
  File "/home/dan/coinbase-dw/venv/lib/python3.13/site-packages/websocket/_core.py", line 423, in recv_data
    opcode, frame = self.recv_data_frame(control_frame)
                    ~~~~~~~~~~~~~~~~~~~~^^^^^^^^^^^^^^^
  File "/home/dan/coinbase-dw/venv/lib/python3.13/site-packages/websocket/_core.py", line 444, in recv_data_frame
    frame = self.recv_frame()
  File "/home/dan/coinbase-dw/venv/lib/python3.13/site-packages/websocket/_core.py", line 485, in recv_frame
    return self.frame_buffer.recv_frame()
           ~~~~~~~~~~~~~~~~~~~~~~~~~~~~^^
  File "/home/dan/coinbase-dw/venv/lib/python3.13/site-packages/websocket/_abnf.py", line 375, in recv_frame
    self.recv_header()
    ~~~~~~~~~~~~~~~~^^
  File "/home/dan/coinbase-dw/venv/lib/python3.13/site-packages/websocket/_abnf.py", line 329, in recv_header
    header = self.recv_strict(2)
  File "/home/dan/coinbase-dw/venv/lib/python3.13/site-packages/websocket/_abnf.py", line 418, in recv_strict
    bytes_ = self.recv(min(16384, shortage))
  File "/home/dan/coinbase-dw/venv/lib/python3.13/site-packages/websocket/_core.py", line 581, in _recv
    return recv(self.sock, bufsize)
  File "/home/dan/coinbase-dw/venv/lib/python3.13/site-packages/websocket/_socket.py", line 129, in recv
    raise WebSocketTimeoutException("Connection timed out")
websocket._exceptions.WebSocketTimeoutException: Connection timed out
2025-12-03 08:06:49,099 INFO Subscribed to BTC-USD, ETH-USD, SOL-USD, XRP-USD, DOGE-USD, MON-USD, ADA-USD, AAVE-USD, SUI-USD, LINK-USD, HBAR-USD
2025-12-03 09:52:51,420 ERROR WS error: [Errno 104] Connection reset by peer
Traceback (most recent call last):
  File "/home/dan/coinbase-dw/ingest.py", line 129, in _loop
    raw = self._ws.recv()
  File "/home/dan/coinbase-dw/venv/lib/python3.13/site-packages/websocket/_core.py", line 395, in recv
    opcode, data = self.recv_data()
                   ~~~~~~~~~~~~~~^^
  File "/home/dan/coinbase-dw/venv/lib/python3.13/site-packages/websocket/_core.py", line 423, in recv_data
    opcode, frame = self.recv_data_frame(control_frame)
                    ~~~~~~~~~~~~~~~~~~~~^^^^^^^^^^^^^^^
  File "/home/dan/coinbase-dw/venv/lib/python3.13/site-packages/websocket/_core.py", line 444, in recv_data_frame
    frame = self.recv_frame()
  File "/home/dan/coinbase-dw/venv/lib/python3.13/site-packages/websocket/_core.py", line 485, in recv_frame
    return self.frame_buffer.recv_frame()
           ~~~~~~~~~~~~~~~~~~~~~~~~~~~~^^
  File "/home/dan/coinbase-dw/venv/lib/python3.13/site-packages/websocket/_abnf.py", line 375, in recv_frame
    self.recv_header()
    ~~~~~~~~~~~~~~~~^^
  File "/home/dan/coinbase-dw/venv/lib/python3.13/site-packages/websocket/_abnf.py", line 329, in recv_header
    header = self.recv_strict(2)
  File "/home/dan/coinbase-dw/venv/lib/python3.13/site-packages/websocket/_abnf.py", line 418, in recv_strict
    bytes_ = self.recv(min(16384, shortage))
  File "/home/dan/coinbase-dw/venv/lib/python3.13/site-packages/websocket/_core.py", line 581, in _recv
    return recv(self.sock, bufsize)
  File "/home/dan/coinbase-dw/venv/lib/python3.13/site-packages/websocket/_socket.py", line 127, in recv
    bytes_ = _recv()
  File "/home/dan/coinbase-dw/venv/lib/python3.13/site-packages/websocket/_socket.py", line 99, in _recv
    return sock.recv(bufsize)
           ~~~~~~~~~^^^^^^^^^
  File "/usr/lib/python3.13/ssl.py", line 1285, in recv
    return self.read(buflen)
           ~~~~~~~~~^^^^^^^^
  File "/usr/lib/python3.13/ssl.py", line 1140, in read
    return self._sslobj.read(len)
           ~~~~~~~~~~~~~~~~~^^^^^
ConnectionResetError: [Errno 104] Connection reset by peer
2025-12-03 09:52:53,381 INFO Subscribed to BTC-USD, ETH-USD, SOL-USD, XRP-USD, DOGE-USD, MON-USD, ADA-USD, AAVE-USD, SUI-USD, LINK-USD, HBAR-USD
2025-12-03 14:07:42,894 WARNING WS closed; reconnecting
2025-12-03 14:07:44,017 INFO Subscribed to BTC-USD, ETH-USD, SOL-USD, XRP-USD, DOGE-USD, MON-USD, ADA-USD, AAVE-USD, SUI-USD, LINK-USD, HBAR-USD
2025-12-03 16:29:02,625 WARNING WS closed; reconnecting
2025-12-03 16:29:03,756 INFO Subscribed to BTC-USD, ETH-USD, SOL-USD, XRP-USD, DOGE-USD, MON-USD, ADA-USD, AAVE-USD, SUI-USD, LINK-USD, HBAR-USD
2025-12-03 16:29:08,761 ERROR WS error: Connection timed out
Traceback (most recent call last):
  File "/home/dan/coinbase-dw/venv/lib/python3.13/site-packages/websocket/_socket.py", line 127, in recv
    bytes_ = _recv()
  File "/home/dan/coinbase-dw/venv/lib/python3.13/site-packages/websocket/_socket.py", line 99, in _recv
    return sock.recv(bufsize)
           ~~~~~~~~~^^^^^^^^^
  File "/usr/lib/python3.13/ssl.py", line 1285, in recv
    return self.read(buflen)
           ~~~~~~~~~^^^^^^^^
  File "/usr/lib/python3.13/ssl.py", line 1140, in read
    return self._sslobj.read(len)
           ~~~~~~~~~~~~~~~~~^^^^^
TimeoutError: The read operation timed out

During handling of the above exception, another exception occurred:

Traceback (most recent call last):
  File "/home/dan/coinbase-dw/ingest.py", line 129, in _loop
    raw = self._ws.recv()
  File "/home/dan/coinbase-dw/venv/lib/python3.13/site-packages/websocket/_core.py", line 395, in recv
    opcode, data = self.recv_data()
                   ~~~~~~~~~~~~~~^^
  File "/home/dan/coinbase-dw/venv/lib/python3.13/site-packages/websocket/_core.py", line 423, in recv_data
    opcode, frame = self.recv_data_frame(control_frame)
                    ~~~~~~~~~~~~~~~~~~~~^^^^^^^^^^^^^^^
  File "/home/dan/coinbase-dw/venv/lib/python3.13/site-packages/websocket/_core.py", line 444, in recv_data_frame
    frame = self.recv_frame()
  File "/home/dan/coinbase-dw/venv/lib/python3.13/site-packages/websocket/_core.py", line 485, in recv_frame
    return self.frame_buffer.recv_frame()
           ~~~~~~~~~~~~~~~~~~~~~~~~~~~~^^
  File "/home/dan/coinbase-dw/venv/lib/python3.13/site-packages/websocket/_abnf.py", line 375, in recv_frame
    self.recv_header()
    ~~~~~~~~~~~~~~~~^^
  File "/home/dan/coinbase-dw/venv/lib/python3.13/site-packages/websocket/_abnf.py", line 329, in recv_header
    header = self.recv_strict(2)
  File "/home/dan/coinbase-dw/venv/lib/python3.13/site-packages/websocket/_abnf.py", line 418, in recv_strict
    bytes_ = self.recv(min(16384, shortage))
  File "/home/dan/coinbase-dw/venv/lib/python3.13/site-packages/websocket/_core.py", line 581, in _recv
    return recv(self.sock, bufsize)
  File "/home/dan/coinbase-dw/venv/lib/python3.13/site-packages/websocket/_socket.py", line 129, in recv
    raise WebSocketTimeoutException("Connection timed out")
websocket._exceptions.WebSocketTimeoutException: Connection timed out
2025-12-03 16:29:09,914 INFO Subscribed to BTC-USD, ETH-USD, SOL-USD, XRP-USD, DOGE-USD, MON-USD, ADA-USD, AAVE-USD, SUI-USD, LINK-USD, HBAR-USD
2025-12-03 16:29:14,975 ERROR WS error: Connection timed out
Traceback (most recent call last):
  File "/home/dan/coinbase-dw/venv/lib/python3.13/site-packages/websocket/_socket.py", line 127, in recv
    bytes_ = _recv()
  File "/home/dan/coinbase-dw/venv/lib/python3.13/site-packages/websocket/_socket.py", line 99, in _recv
    return sock.recv(bufsize)
           ~~~~~~~~~^^^^^^^^^
  File "/usr/lib/python3.13/ssl.py", line 1285, in recv
    return self.read(buflen)
           ~~~~~~~~~^^^^^^^^
  File "/usr/lib/python3.13/ssl.py", line 1140, in read
    return self._sslobj.read(len)
           ~~~~~~~~~~~~~~~~~^^^^^
TimeoutError: The read operation timed out

During handling of the above exception, another exception occurred:

Traceback (most recent call last):
  File "/home/dan/coinbase-dw/ingest.py", line 129, in _loop
    raw = self._ws.recv()
  File "/home/dan/coinbase-dw/venv/lib/python3.13/site-packages/websocket/_core.py", line 395, in recv
    opcode, data = self.recv_data()
                   ~~~~~~~~~~~~~~^^
  File "/home/dan/coinbase-dw/venv/lib/python3.13/site-packages/websocket/_core.py", line 423, in recv_data
    opcode, frame = self.recv_data_frame(control_frame)
                    ~~~~~~~~~~~~~~~~~~~~^^^^^^^^^^^^^^^
  File "/home/dan/coinbase-dw/venv/lib/python3.13/site-packages/websocket/_core.py", line 444, in recv_data_frame
    frame = self.recv_frame()
  File "/home/dan/coinbase-dw/venv/lib/python3.13/site-packages/websocket/_core.py", line 485, in recv_frame
    return self.frame_buffer.recv_frame()
           ~~~~~~~~~~~~~~~~~~~~~~~~~~~~^^
  File "/home/dan/coinbase-dw/venv/lib/python3.13/site-packages/websocket/_abnf.py", line 375, in recv_frame
    self.recv_header()
    ~~~~~~~~~~~~~~~~^^
  File "/home/dan/coinbase-dw/venv/lib/python3.13/site-packages/websocket/_abnf.py", line 329, in recv_header
    header = self.recv_strict(2)
  File "/home/dan/coinbase-dw/venv/lib/python3.13/site-packages/websocket/_abnf.py", line 418, in recv_strict
    bytes_ = self.recv(min(16384, shortage))
  File "/home/dan/coinbase-dw/venv/lib/python3.13/site-packages/websocket/_core.py", line 581, in _recv
    return recv(self.sock, bufsize)
  File "/home/dan/coinbase-dw/venv/lib/python3.13/site-packages/websocket/_socket.py", line 129, in recv
    raise WebSocketTimeoutException("Connection timed out")
websocket._exceptions.WebSocketTimeoutException: Connection timed out
2025-12-03 16:29:16,074 INFO Subscribed to BTC-USD, ETH-USD, SOL-USD, XRP-USD, DOGE-USD, MON-USD, ADA-USD, AAVE-USD, SUI-USD, LINK-USD, HBAR-USD
